<?xml version="1.0" encoding="UTF-8"?>
<!-- Generated by org.testng.reporters.JUnitReportReporter -->
<testsuite hostname="WKSPUN05GRT0506" failures="0" tests="5" name="com.runner.RLL_240Testing_FirstCry_AddToCart.RunnerTestNG" time="242.305" errors="1" timestamp="2024-10-03T16:59:42 IST" skipped="0">
  <testcase classname="com.runner.RLL_240Testing_FirstCry_AddToCart.RunnerTestNG" name="runScenario" time="49.308"/>
  <testcase classname="com.runner.RLL_240Testing_FirstCry_AddToCart.RunnerTestNG" name="runScenario" time="62.784">
    <error message="element not interactable
  (Session info: chrome=129.0.6668.89)
Build info: version: &#039;4.20.0&#039;, revision: &#039;866c76ca80&#039;
System info: os.name: &#039;Windows 10&#039;, os.arch: &#039;amd64&#039;, os.version: &#039;10.0&#039;, java.version: &#039;17.0.10&#039;
Driver info: org.openqa.selenium.chrome.ChromeDriver
Command: [f7f84a3b68eff44e9cb635c294b663cb, clickElement {id=f.C0E4410D8A1F4736193430F31A1DCF52.d.EB42BB97E7F9B408AA7C0CF3A7942ED3.e.137}]
Capabilities {acceptInsecureCerts: false, browserName: chrome, browserVersion: 129.0.6668.89, chrome: {chromedriverVersion: 129.0.6668.89 (951c0b97221f..., userDataDir: C:\Users\AJMEER~1.NAR\AppDa...}, fedcm:accounts: true, goog:chromeOptions: {debuggerAddress: localhost:62852}, networkConnectionEnabled: false, pageLoadStrategy: normal, platformName: windows, proxy: Proxy(), se:cdp: ws://localhost:62852/devtoo..., se:cdpVersion: 129.0.6668.89, setWindowRect: true, strictFileInteractability: false, timeouts: {implicit: 0, pageLoad: 300000, script: 30000}, unhandledPromptBehavior: dismiss and notify, webauthn:extension:credBlob: true, webauthn:extension:largeBlob: true, webauthn:extension:minPinLength: true, webauthn:extension:prf: true, webauthn:virtualAuthenticators: true}
Element: [[ChromeDriver: chrome on windows (f7f84a3b68eff44e9cb635c294b663cb)] -&gt; xpath: //div[@class=&#039;addgotoText btn_fill add_to_cart&#039;]//span[text()=&#039;ADD TO CART&#039;]]
Session ID: f7f84a3b68eff44e9cb635c294b663cb" type="org.openqa.selenium.ElementNotInteractableException">
      <![CDATA[org.openqa.selenium.ElementNotInteractableException: element not interactable
  (Session info: chrome=129.0.6668.89)
Build info: version: '4.20.0', revision: '866c76ca80'
System info: os.name: 'Windows 10', os.arch: 'amd64', os.version: '10.0', java.version: '17.0.10'
Driver info: org.openqa.selenium.chrome.ChromeDriver
Command: [f7f84a3b68eff44e9cb635c294b663cb, clickElement {id=f.C0E4410D8A1F4736193430F31A1DCF52.d.EB42BB97E7F9B408AA7C0CF3A7942ED3.e.137}]
Capabilities {acceptInsecureCerts: false, browserName: chrome, browserVersion: 129.0.6668.89, chrome: {chromedriverVersion: 129.0.6668.89 (951c0b97221f..., userDataDir: C:\Users\AJMEER~1.NAR\AppDa...}, fedcm:accounts: true, goog:chromeOptions: {debuggerAddress: localhost:62852}, networkConnectionEnabled: false, pageLoadStrategy: normal, platformName: windows, proxy: Proxy(), se:cdp: ws://localhost:62852/devtoo..., se:cdpVersion: 129.0.6668.89, setWindowRect: true, strictFileInteractability: false, timeouts: {implicit: 0, pageLoad: 300000, script: 30000}, unhandledPromptBehavior: dismiss and notify, webauthn:extension:credBlob: true, webauthn:extension:largeBlob: true, webauthn:extension:minPinLength: true, webauthn:extension:prf: true, webauthn:virtualAuthenticators: true}
Element: [[ChromeDriver: chrome on windows (f7f84a3b68eff44e9cb635c294b663cb)] -> xpath: //div[@class='addgotoText btn_fill add_to_cart']//span[text()='ADD TO CART']]
Session ID: f7f84a3b68eff44e9cb635c294b663cb
at java.base/jdk.internal.reflect.NativeConstructorAccessorImpl.newInstance0(Native Method)
at java.base/jdk.internal.reflect.NativeConstructorAccessorImpl.newInstance(NativeConstructorAccessorImpl.java:77)
at java.base/jdk.internal.reflect.DelegatingConstructorAccessorImpl.newInstance(DelegatingConstructorAccessorImpl.java:45)
at java.base/java.lang.reflect.Constructor.newInstanceWithCaller(Constructor.java:499)
at java.base/java.lang.reflect.Constructor.newInstance(Constructor.java:480)
at org.openqa.selenium.remote.ErrorCodec.decode(ErrorCodec.java:167)
at org.openqa.selenium.remote.codec.w3c.W3CHttpResponseCodec.decode(W3CHttpResponseCodec.java:138)
at org.openqa.selenium.remote.codec.w3c.W3CHttpResponseCodec.decode(W3CHttpResponseCodec.java:50)
at org.openqa.selenium.remote.HttpCommandExecutor.execute(HttpCommandExecutor.java:190)
at org.openqa.selenium.remote.service.DriverCommandExecutor.invokeExecute(DriverCommandExecutor.java:216)
at org.openqa.selenium.remote.service.DriverCommandExecutor.execute(DriverCommandExecutor.java:174)
at org.openqa.selenium.remote.RemoteWebDriver.execute(RemoteWebDriver.java:518)
at org.openqa.selenium.remote.RemoteWebElement.execute(RemoteWebElement.java:223)
at org.openqa.selenium.remote.RemoteWebElement.click(RemoteWebElement.java:76)
at com.pages.RLL_240Testing_FirstCry_AddToCart.AddToCartPage.addToCart(AddToCartPage.java:64)
at com.stepdefinition.RLL_240Testing_FirstCry_AddToCart.stepDefinition.the_user_clicks_on_the_add_to_cart_button(stepDefinition.java:179)
at ✽.the user clicks on the Add to Cart button(file:///C:/Users/ajmeera.naresh/Desktop/New%20folder/RLL_240Testing_FirstCry_AddToCart/src/test/resource/com/feature/AddToCart/AddToCart.feature:29)
]]>
    </error>
  </testcase> <!-- runScenario -->
  <testcase classname="com.runner.RLL_240Testing_FirstCry_AddToCart.RunnerTestNG" name="runScenario" time="52.168"/>
  <testcase classname="com.runner.RLL_240Testing_FirstCry_AddToCart.RunnerTestNG" name="runScenario" time="26.250"/>
  <testcase classname="com.runner.RLL_240Testing_FirstCry_AddToCart.RunnerTestNG" name="runScenario" time="51.795"/>
</testsuite> <!-- com.runner.RLL_240Testing_FirstCry_AddToCart.RunnerTestNG -->
