<?xml version="1.0" encoding="UTF-8"?>
<!-- Generated by org.testng.reporters.JUnitXMLReporter -->
<testsuite ignored="0" hostname="WKSPUN05GRT0506" failures="1" tests="5" name="Default test" time="201.384" errors="0" timestamp="2024-10-01T19:42:42 IST">
  <testcase classname="io.cucumber.testng.AbstractTestNGCucumberTests" name="runScenario" time="18.076"/>
  <testcase classname="io.cucumber.testng.AbstractTestNGCucumberTests" name="runScenario" time="41.754"/>
  <testcase classname="io.cucumber.testng.AbstractTestNGCucumberTests" name="runScenario" time="47.344">
    <failure type="org.openqa.selenium.ElementNotInteractableException" message="element not interactable
  (Session info: chrome=129.0.6668.70)
Build info: version: &amp;apos;4.20.0&amp;apos;, revision: &amp;apos;866c76ca80&amp;apos;
System info: os.name: &amp;apos;Windows 10&amp;apos;, os.arch: &amp;apos;amd64&amp;apos;, os.version: &amp;apos;10.0&amp;apos;, java.version: &amp;apos;17.0.10&amp;apos;
Driver info: org.openqa.selenium.chrome.ChromeDriver
Command: [ba0110c0d1d6eb184468b9fee6c88a36, clickElement {id=f.D3C2AD64998EFA4E5A06487AC5E6CCB2.d.4618D840CAC3B98D612373899E54D17C.e.135}]
Capabilities {acceptInsecureCerts: false, browserName: chrome, browserVersion: 129.0.6668.70, chrome: {chromedriverVersion: 129.0.6668.70 (df87d5cf12b1..., userDataDir: C:\Users\AJMEER~1.NAR\AppDa...}, fedcm:accounts: true, goog:chromeOptions: {debuggerAddress: localhost:64203}, networkConnectionEnabled: false, pageLoadStrategy: normal, platformName: windows, proxy: Proxy(), se:cdp: ws://localhost:64203/devtoo..., se:cdpVersion: 129.0.6668.70, setWindowRect: true, strictFileInteractability: false, timeouts: {implicit: 0, pageLoad: 300000, script: 30000}, unhandledPromptBehavior: dismiss and notify, webauthn:extension:credBlob: true, webauthn:extension:largeBlob: true, webauthn:extension:minPinLength: true, webauthn:extension:prf: true, webauthn:virtualAuthenticators: true}
Element: [[ChromeDriver: chrome on windows (ba0110c0d1d6eb184468b9fee6c88a36)] -&amp;gt; xpath: //div[@class=&amp;apos;addgotoText btn_fill add_to_cart&amp;apos;]//span[text()=&amp;apos;ADD TO CART&amp;apos;]]
Session ID: ba0110c0d1d6eb184468b9fee6c88a36">
      <![CDATA[org.openqa.selenium.ElementNotInteractableException: element not interactable
  (Session info: chrome=129.0.6668.70)
Build info: version: '4.20.0', revision: '866c76ca80'
System info: os.name: 'Windows 10', os.arch: 'amd64', os.version: '10.0', java.version: '17.0.10'
Driver info: org.openqa.selenium.chrome.ChromeDriver
Command: [ba0110c0d1d6eb184468b9fee6c88a36, clickElement {id=f.D3C2AD64998EFA4E5A06487AC5E6CCB2.d.4618D840CAC3B98D612373899E54D17C.e.135}]
Capabilities {acceptInsecureCerts: false, browserName: chrome, browserVersion: 129.0.6668.70, chrome: {chromedriverVersion: 129.0.6668.70 (df87d5cf12b1..., userDataDir: C:\Users\AJMEER~1.NAR\AppDa...}, fedcm:accounts: true, goog:chromeOptions: {debuggerAddress: localhost:64203}, networkConnectionEnabled: false, pageLoadStrategy: normal, platformName: windows, proxy: Proxy(), se:cdp: ws://localhost:64203/devtoo..., se:cdpVersion: 129.0.6668.70, setWindowRect: true, strictFileInteractability: false, timeouts: {implicit: 0, pageLoad: 300000, script: 30000}, unhandledPromptBehavior: dismiss and notify, webauthn:extension:credBlob: true, webauthn:extension:largeBlob: true, webauthn:extension:minPinLength: true, webauthn:extension:prf: true, webauthn:virtualAuthenticators: true}
Element: [[ChromeDriver: chrome on windows (ba0110c0d1d6eb184468b9fee6c88a36)] -> xpath: //div[@class='addgotoText btn_fill add_to_cart']//span[text()='ADD TO CART']]
Session ID: ba0110c0d1d6eb184468b9fee6c88a36
at java.base/jdk.internal.reflect.NativeConstructorAccessorImpl.newInstance0(Native Method)
at java.base/jdk.internal.reflect.NativeConstructorAccessorImpl.newInstance(NativeConstructorAccessorImpl.java:77)
at java.base/jdk.internal.reflect.DelegatingConstructorAccessorImpl.newInstance(DelegatingConstructorAccessorImpl.java:45)
at java.base/java.lang.reflect.Constructor.newInstanceWithCaller(Constructor.java:499)
at java.base/java.lang.reflect.Constructor.newInstance(Constructor.java:480)
at org.openqa.selenium.remote.ErrorCodec.decode(ErrorCodec.java:167)
at org.openqa.selenium.remote.codec.w3c.W3CHttpResponseCodec.decode(W3CHttpResponseCodec.java:138)
at org.openqa.selenium.remote.codec.w3c.W3CHttpResponseCodec.decode(W3CHttpResponseCodec.java:50)
at org.openqa.selenium.remote.HttpCommandExecutor.execute(HttpCommandExecutor.java:190)
at org.openqa.selenium.remote.service.DriverCommandExecutor.invokeExecute(DriverCommandExecutor.java:216)
at org.openqa.selenium.remote.service.DriverCommandExecutor.execute(DriverCommandExecutor.java:174)
at org.openqa.selenium.remote.RemoteWebDriver.execute(RemoteWebDriver.java:518)
at org.openqa.selenium.remote.RemoteWebElement.execute(RemoteWebElement.java:223)
at org.openqa.selenium.remote.RemoteWebElement.click(RemoteWebElement.java:76)
at com.pages.RLL_240Testing_FirstCry_AddToCart.AddToCartPage.addToCart(AddToCartPage.java:64)
at com.stepdefinition.RLL_240Testing_FirstCry_AddToCart.stepDefinition.the_user_clicks_on_the_add_to_cart_button(stepDefinition.java:167)
at ✽.the user clicks on the Add to Cart button(file:///C:/Users/ajmeera.naresh/Desktop/New%20folder/RLL_240Testing_FirstCry_AddToCart/src/test/resource/com/feature/AddToCart/AddToCart.feature:29)
]]>
    </failure>
  </testcase> <!-- runScenario -->
  <testcase classname="io.cucumber.testng.AbstractTestNGCucumberTests" name="runScenario" time="44.982"/>
  <testcase classname="io.cucumber.testng.AbstractTestNGCucumberTests" name="runScenario" time="48.566"/>
</testsuite> <!-- Default test -->
