<?xml version="1.0" encoding="UTF-8"?>
<testng-results ignored="0" total="5" passed="4" failed="1" skipped="0">
  <reporter-output>
  </reporter-output>
  <suite started-at="2024-10-03T16:55:39 IST" name="Default suite" finished-at="2024-10-03T16:59:42 IST" duration-ms="243074">
    <groups>
      <group name="cucumber">
        <method signature="AbstractTestNGCucumberTests.runScenario(io.cucumber.testng.PickleWrapper,io.cucumber.testng.FeatureWrapper)[pri:0, instance:com.runner.RLL_240Testing_FirstCry_AddToCart.RunnerTestNG@24569dba]" name="runScenario" class="io.cucumber.testng.AbstractTestNGCucumberTests"/>
      </group> <!-- cucumber -->
    </groups>
    <test started-at="2024-10-03T16:55:39 IST" name="Default test" finished-at="2024-10-03T16:59:42 IST" duration-ms="243074">
      <class name="com.runner.RLL_240Testing_FirstCry_AddToCart.RunnerTestNG">
        <test-method is-config="true" signature="setUpClass(org.testng.ITestContext)[pri:0, instance:com.runner.RLL_240Testing_FirstCry_AddToCart.RunnerTestNG@24569dba]" started-at="2024-10-03T16:55:39 IST" name="setUpClass" finished-at="2024-10-03T16:55:39 IST" duration-ms="624" status="PASS">
          <params>
            <param index="0">
              <value>
                <![CDATA[org.testng.TestRunner@58fbd02e]]>
              </value>
            </param>
          </params>
          <reporter-output>
          </reporter-output>
        </test-method> <!-- setUpClass -->
        <test-method signature="runScenario(io.cucumber.testng.PickleWrapper,io.cucumber.testng.FeatureWrapper)[pri:0, instance:com.runner.RLL_240Testing_FirstCry_AddToCart.RunnerTestNG@24569dba]" started-at="2024-10-03T16:55:39 IST" name="runScenario" description="Runs Cucumber Scenarios" data-provider="scenarios" finished-at="2024-10-03T16:56:06 IST" duration-ms="26250" status="PASS">
          <params>
            <param index="0">
              <value>
                <![CDATA["User searches for a product successfully"]]>
              </value>
            </param>
            <param index="1">
              <value>
                <![CDATA["Optional[User Login and Add to Cart]"]]>
              </value>
            </param>
          </params>
          <reporter-output>
          </reporter-output>
        </test-method> <!-- runScenario -->
        <test-method signature="runScenario(io.cucumber.testng.PickleWrapper,io.cucumber.testng.FeatureWrapper)[pri:0, instance:com.runner.RLL_240Testing_FirstCry_AddToCart.RunnerTestNG@24569dba]" started-at="2024-10-03T16:56:06 IST" name="runScenario" description="Runs Cucumber Scenarios" data-provider="scenarios" finished-at="2024-10-03T16:56:55 IST" duration-ms="49308" status="PASS">
          <params>
            <param index="0">
              <value>
                <![CDATA["User adds a product to the cart successfully"]]>
              </value>
            </param>
            <param index="1">
              <value>
                <![CDATA["Optional[User Login and Add to Cart]"]]>
              </value>
            </param>
          </params>
          <reporter-output>
          </reporter-output>
        </test-method> <!-- runScenario -->
        <test-method signature="runScenario(io.cucumber.testng.PickleWrapper,io.cucumber.testng.FeatureWrapper)[pri:0, instance:com.runner.RLL_240Testing_FirstCry_AddToCart.RunnerTestNG@24569dba]" started-at="2024-10-03T16:56:55 IST" name="runScenario" description="Runs Cucumber Scenarios" data-provider="scenarios" finished-at="2024-10-03T16:57:58 IST" duration-ms="62784" status="FAIL">
          <params>
            <param index="0">
              <value>
                <![CDATA["User adds a product to the cart successfully"]]>
              </value>
            </param>
            <param index="1">
              <value>
                <![CDATA["Optional[User Login and Add to Cart]"]]>
              </value>
            </param>
          </params>
          <exception class="org.openqa.selenium.ElementNotInteractableException">
            <message>
              <![CDATA[element not interactable
  (Session info: chrome=129.0.6668.89)
Build info: version: '4.20.0', revision: '866c76ca80'
System info: os.name: 'Windows 10', os.arch: 'amd64', os.version: '10.0', java.version: '17.0.10'
Driver info: org.openqa.selenium.chrome.ChromeDriver
Command: [f7f84a3b68eff44e9cb635c294b663cb, clickElement {id=f.C0E4410D8A1F4736193430F31A1DCF52.d.EB42BB97E7F9B408AA7C0CF3A7942ED3.e.137}]
Capabilities {acceptInsecureCerts: false, browserName: chrome, browserVersion: 129.0.6668.89, chrome: {chromedriverVersion: 129.0.6668.89 (951c0b97221f..., userDataDir: C:\Users\AJMEER~1.NAR\AppDa...}, fedcm:accounts: true, goog:chromeOptions: {debuggerAddress: localhost:62852}, networkConnectionEnabled: false, pageLoadStrategy: normal, platformName: windows, proxy: Proxy(), se:cdp: ws://localhost:62852/devtoo..., se:cdpVersion: 129.0.6668.89, setWindowRect: true, strictFileInteractability: false, timeouts: {implicit: 0, pageLoad: 300000, script: 30000}, unhandledPromptBehavior: dismiss and notify, webauthn:extension:credBlob: true, webauthn:extension:largeBlob: true, webauthn:extension:minPinLength: true, webauthn:extension:prf: true, webauthn:virtualAuthenticators: true}
Element: [[ChromeDriver: chrome on windows (f7f84a3b68eff44e9cb635c294b663cb)] -> xpath: //div[@class='addgotoText btn_fill add_to_cart']//span[text()='ADD TO CART']]
Session ID: f7f84a3b68eff44e9cb635c294b663cb]]>
            </message>
            <full-stacktrace>
              <![CDATA[org.openqa.selenium.ElementNotInteractableException: element not interactable
  (Session info: chrome=129.0.6668.89)
Build info: version: '4.20.0', revision: '866c76ca80'
System info: os.name: 'Windows 10', os.arch: 'amd64', os.version: '10.0', java.version: '17.0.10'
Driver info: org.openqa.selenium.chrome.ChromeDriver
Command: [f7f84a3b68eff44e9cb635c294b663cb, clickElement {id=f.C0E4410D8A1F4736193430F31A1DCF52.d.EB42BB97E7F9B408AA7C0CF3A7942ED3.e.137}]
Capabilities {acceptInsecureCerts: false, browserName: chrome, browserVersion: 129.0.6668.89, chrome: {chromedriverVersion: 129.0.6668.89 (951c0b97221f..., userDataDir: C:\Users\AJMEER~1.NAR\AppDa...}, fedcm:accounts: true, goog:chromeOptions: {debuggerAddress: localhost:62852}, networkConnectionEnabled: false, pageLoadStrategy: normal, platformName: windows, proxy: Proxy(), se:cdp: ws://localhost:62852/devtoo..., se:cdpVersion: 129.0.6668.89, setWindowRect: true, strictFileInteractability: false, timeouts: {implicit: 0, pageLoad: 300000, script: 30000}, unhandledPromptBehavior: dismiss and notify, webauthn:extension:credBlob: true, webauthn:extension:largeBlob: true, webauthn:extension:minPinLength: true, webauthn:extension:prf: true, webauthn:virtualAuthenticators: true}
Element: [[ChromeDriver: chrome on windows (f7f84a3b68eff44e9cb635c294b663cb)] -> xpath: //div[@class='addgotoText btn_fill add_to_cart']//span[text()='ADD TO CART']]
Session ID: f7f84a3b68eff44e9cb635c294b663cb
at java.base/jdk.internal.reflect.NativeConstructorAccessorImpl.newInstance0(Native Method)
at java.base/jdk.internal.reflect.NativeConstructorAccessorImpl.newInstance(NativeConstructorAccessorImpl.java:77)
at java.base/jdk.internal.reflect.DelegatingConstructorAccessorImpl.newInstance(DelegatingConstructorAccessorImpl.java:45)
at java.base/java.lang.reflect.Constructor.newInstanceWithCaller(Constructor.java:499)
at java.base/java.lang.reflect.Constructor.newInstance(Constructor.java:480)
at org.openqa.selenium.remote.ErrorCodec.decode(ErrorCodec.java:167)
at org.openqa.selenium.remote.codec.w3c.W3CHttpResponseCodec.decode(W3CHttpResponseCodec.java:138)
at org.openqa.selenium.remote.codec.w3c.W3CHttpResponseCodec.decode(W3CHttpResponseCodec.java:50)
at org.openqa.selenium.remote.HttpCommandExecutor.execute(HttpCommandExecutor.java:190)
at org.openqa.selenium.remote.service.DriverCommandExecutor.invokeExecute(DriverCommandExecutor.java:216)
at org.openqa.selenium.remote.service.DriverCommandExecutor.execute(DriverCommandExecutor.java:174)
at org.openqa.selenium.remote.RemoteWebDriver.execute(RemoteWebDriver.java:518)
at org.openqa.selenium.remote.RemoteWebElement.execute(RemoteWebElement.java:223)
at org.openqa.selenium.remote.RemoteWebElement.click(RemoteWebElement.java:76)
at com.pages.RLL_240Testing_FirstCry_AddToCart.AddToCartPage.addToCart(AddToCartPage.java:64)
at com.stepdefinition.RLL_240Testing_FirstCry_AddToCart.stepDefinition.the_user_clicks_on_the_add_to_cart_button(stepDefinition.java:179)
at ✽.the user clicks on the Add to Cart button(file:///C:/Users/ajmeera.naresh/Desktop/New%20folder/RLL_240Testing_FirstCry_AddToCart/src/test/resource/com/feature/AddToCart/AddToCart.feature:29)
]]>
            </full-stacktrace>
          </exception> <!-- org.openqa.selenium.ElementNotInteractableException -->
          <reporter-output>
          </reporter-output>
        </test-method> <!-- runScenario -->
        <test-method signature="runScenario(io.cucumber.testng.PickleWrapper,io.cucumber.testng.FeatureWrapper)[pri:0, instance:com.runner.RLL_240Testing_FirstCry_AddToCart.RunnerTestNG@24569dba]" started-at="2024-10-03T16:57:58 IST" name="runScenario" description="Runs Cucumber Scenarios" data-provider="scenarios" finished-at="2024-10-03T16:58:50 IST" duration-ms="51795" status="PASS">
          <params>
            <param index="0">
              <value>
                <![CDATA["User adds a product to the cart successfully"]]>
              </value>
            </param>
            <param index="1">
              <value>
                <![CDATA["Optional[User Login and Add to Cart]"]]>
              </value>
            </param>
          </params>
          <reporter-output>
          </reporter-output>
        </test-method> <!-- runScenario -->
        <test-method signature="runScenario(io.cucumber.testng.PickleWrapper,io.cucumber.testng.FeatureWrapper)[pri:0, instance:com.runner.RLL_240Testing_FirstCry_AddToCart.RunnerTestNG@24569dba]" started-at="2024-10-03T16:58:50 IST" name="runScenario" description="Runs Cucumber Scenarios" data-provider="scenarios" finished-at="2024-10-03T16:59:42 IST" duration-ms="52168" status="PASS">
          <params>
            <param index="0">
              <value>
                <![CDATA["User adds a product to the cart successfully"]]>
              </value>
            </param>
            <param index="1">
              <value>
                <![CDATA["Optional[User Login and Add to Cart]"]]>
              </value>
            </param>
          </params>
          <reporter-output>
          </reporter-output>
        </test-method> <!-- runScenario -->
        <test-method is-config="true" signature="tearDownClass()[pri:0, instance:com.runner.RLL_240Testing_FirstCry_AddToCart.RunnerTestNG@24569dba]" started-at="2024-10-03T16:59:42 IST" name="tearDownClass" finished-at="2024-10-03T16:59:42 IST" duration-ms="48" status="PASS">
          <reporter-output>
          </reporter-output>
        </test-method> <!-- tearDownClass -->
      </class> <!-- com.runner.RLL_240Testing_FirstCry_AddToCart.RunnerTestNG -->
    </test> <!-- Default test -->
  </suite> <!-- Default suite -->
</testng-results>
