<?xml version="1.0" encoding="UTF-8"?>
<testng-results ignored="0" total="1" passed="1" failed="0" skipped="0">
  <reporter-output>
  </reporter-output>
  <suite started-at="2024-10-03T16:24:29 IST" name="Default suite" finished-at="2024-10-03T16:24:53 IST" duration-ms="23636">
    <groups>
      <group name="cucumber">
        <method signature="AbstractTestNGCucumberTests.runScenario(io.cucumber.testng.PickleWrapper,io.cucumber.testng.FeatureWrapper)[pri:0, instance:com.runner.RLL_240Testing_FirstCry_Search.RunnerTestNG@4d1c005e]" name="runScenario" class="io.cucumber.testng.AbstractTestNGCucumberTests"/>
      </group> <!-- cucumber -->
    </groups>
    <test started-at="2024-10-03T16:24:29 IST" name="Default test" finished-at="2024-10-03T16:24:53 IST" duration-ms="23636">
      <class name="com.runner.RLL_240Testing_FirstCry_Search.RunnerTestNG">
        <test-method is-config="true" signature="setUpClass(org.testng.ITestContext)[pri:0, instance:com.runner.RLL_240Testing_FirstCry_Search.RunnerTestNG@4d1c005e]" started-at="2024-10-03T16:24:29 IST" name="setUpClass" finished-at="2024-10-03T16:24:30 IST" duration-ms="595" status="PASS">
          <params>
            <param index="0">
              <value>
                <![CDATA[org.testng.TestRunner@5c1f6d57]]>
              </value>
            </param>
          </params>
          <reporter-output>
          </reporter-output>
        </test-method> <!-- setUpClass -->
        <test-method signature="runScenario(io.cucumber.testng.PickleWrapper,io.cucumber.testng.FeatureWrapper)[pri:0, instance:com.runner.RLL_240Testing_FirstCry_Search.RunnerTestNG@4d1c005e]" started-at="2024-10-03T16:24:30 IST" name="runScenario" description="Runs Cucumber Scenarios" data-provider="scenarios" finished-at="2024-10-03T16:24:53 IST" duration-ms="22930" status="PASS">
          <params>
            <param index="0">
              <value>
                <![CDATA["User searches for a product successfully"]]>
              </value>
            </param>
            <param index="1">
              <value>
                <![CDATA["Optional[User search for a product]"]]>
              </value>
            </param>
          </params>
          <reporter-output>
          </reporter-output>
        </test-method> <!-- runScenario -->
        <test-method is-config="true" signature="tearDownClass()[pri:0, instance:com.runner.RLL_240Testing_FirstCry_Search.RunnerTestNG@4d1c005e]" started-at="2024-10-03T16:24:53 IST" name="tearDownClass" finished-at="2024-10-03T16:24:53 IST" duration-ms="46" status="PASS">
          <reporter-output>
          </reporter-output>
        </test-method> <!-- tearDownClass -->
      </class> <!-- com.runner.RLL_240Testing_FirstCry_Search.RunnerTestNG -->
    </test> <!-- Default test -->
  </suite> <!-- Default suite -->
</testng-results>
